c:\users\kusuma\onedrive\desktop\visualizationassignments\assignment3\assignment3_code\skeleton2017_new_zip\skeleton2017\debug\vc141.pdb
c:\users\kusuma\onedrive\desktop\visualizationassignments\assignment3\assignment3_code\skeleton2017_new_zip\skeleton2017\debug\vc141.idb
c:\users\kusuma\onedrive\desktop\visualizationassignments\assignment3\assignment3_code\skeleton2017_new_zip\skeleton2017\debug\sample.obj
c:\users\kusuma\onedrive\desktop\visualizationassignments\assignment3\assignment3_code\skeleton2017_new_zip\skeleton2017\debug\ply.obj
c:\users\kusuma\onedrive\desktop\visualizationassignments\assignment3\assignment3_code\skeleton2017_new_zip\skeleton2017\debug\icvector.obj
c:\users\kusuma\onedrive\desktop\visualizationassignments\assignment3\assignment3_code\skeleton2017_new_zip\skeleton2017\debug\geometry.obj
c:\users\kusuma\onedrive\desktop\visualizationassignments\assignment4\assignment4code\assignment3_code\skeleton2017_new_zip\skeleton2017\debug\vc141.pdb
c:\users\kusuma\onedrive\desktop\visualizationassignments\assignment4\assignment4code\assignment3_code\skeleton2017_new_zip\skeleton2017\debug\vc141.idb
c:\users\kusuma\onedrive\desktop\visualizationassignments\assignment4\assignment4code\assignment3_code\skeleton2017_new_zip\skeleton2017\debug\ply.obj
c:\users\kusuma\onedrive\desktop\visualizationassignments\assignment4\assignment4code\assignment3_code\skeleton2017_new_zip\skeleton2017\debug\icvector.obj
c:\users\kusuma\onedrive\desktop\visualizationassignments\assignment4\assignment4code\assignment3_code\skeleton2017_new_zip\skeleton2017\debug\geometry.obj
c:\users\kusuma\onedrive\desktop\visualizationassignments\assignment4\assignment4code\assignment3_code\skeleton2017_new_zip\skeleton2017\debug\sample.obj
c:\users\kusuma\onedrive\desktop\visualizationassignments\assignment3\assignment3_code\skeleton2017_new_zip\debug\skeleton2017.exe
c:\users\kusuma\onedrive\desktop\visualizationassignments\assignment3\assignment3_code\skeleton2017_new_zip\debug\skeleton2017.ilk
c:\users\kusuma\onedrive\desktop\visualizationassignments\assignment3\assignment3_code\skeleton2017_new_zip\debug\skeleton2017.pdb
c:\users\kusuma\onedrive\desktop\visualizationassignments\assignment4\assignment4code\assignment3_code\skeleton2017_new_zip\debug\skeleton2017.exe
c:\users\kusuma\onedrive\desktop\visualizationassignments\assignment4\assignment4code\assignment3_code\skeleton2017_new_zip\debug\skeleton2017.ilk
c:\users\kusuma\onedrive\desktop\visualizationassignments\assignment4\assignment4code\assignment3_code\skeleton2017_new_zip\debug\skeleton2017.pdb
c:\users\kusuma\onedrive\desktop\visualizationassignments\assignment4\assignment4code\assignment3_code\skeleton2017_new_zip\skeleton2017\debug\skeleton2017.tlog\cl.command.1.tlog
c:\users\kusuma\onedrive\desktop\visualizationassignments\assignment4\assignment4code\assignment3_code\skeleton2017_new_zip\skeleton2017\debug\skeleton2017.tlog\cl.read.1.tlog
c:\users\kusuma\onedrive\desktop\visualizationassignments\assignment4\assignment4code\assignment3_code\skeleton2017_new_zip\skeleton2017\debug\skeleton2017.tlog\cl.write.1.tlog
c:\users\kusuma\onedrive\desktop\visualizationassignments\assignment4\assignment4code\assignment3_code\skeleton2017_new_zip\skeleton2017\debug\skeleton2017.tlog\link.command.1.tlog
c:\users\kusuma\onedrive\desktop\visualizationassignments\assignment4\assignment4code\assignment3_code\skeleton2017_new_zip\skeleton2017\debug\skeleton2017.tlog\link.read.1.tlog
c:\users\kusuma\onedrive\desktop\visualizationassignments\assignment4\assignment4code\assignment3_code\skeleton2017_new_zip\skeleton2017\debug\skeleton2017.tlog\link.write.1.tlog
