  algebra3.cpp
c:\program files (x86)\windows kits\10\include\10.0.16299.0\um\gl\gl.h(1157): error C2144: syntax error: 'void' should be preceded by ';'
c:\program files (x86)\windows kits\10\include\10.0.16299.0\um\gl\gl.h(1157): error C4430: missing type specifier - int assumed. Note: C++ does not support default-int
c:\program files (x86)\windows kits\10\include\10.0.16299.0\um\gl\gl.h(1157): error C2182: 'APIENTRY': illegal use of type 'void'
c:\program files (x86)\windows kits\10\include\10.0.16299.0\um\gl\gl.h(1157): error C2146: syntax error: missing ';' before identifier 'glAccum'
c:\program files (x86)\windows kits\10\include\10.0.16299.0\um\gl\gl.h(1158): error C2144: syntax error: 'void' should be preceded by ';'
c:\program files (x86)\windows kits\10\include\10.0.16299.0\um\gl\gl.h(1158): error C4430: missing type specifier - int assumed. Note: C++ does not support default-int
c:\program files (x86)\windows kits\10\include\10.0.16299.0\um\gl\gl.h(1158): error C2086: 'int WINGDIAPI': redefinition
  c:\program files (x86)\windows kits\10\include\10.0.16299.0\um\gl\gl.h(1157): note: see declaration of 'WINGDIAPI'
c:\program files (x86)\windows kits\10\include\10.0.16299.0\um\gl\gl.h(1158): error C2182: 'APIENTRY': illegal use of type 'void'
c:\program files (x86)\windows kits\10\include\10.0.16299.0\um\gl\gl.h(1158): error C2086: 'int APIENTRY': redefinition
  c:\program files (x86)\windows kits\10\include\10.0.16299.0\um\gl\gl.h(1157): note: see declaration of 'APIENTRY'
c:\program files (x86)\windows kits\10\include\10.0.16299.0\um\gl\gl.h(1158): error C2146: syntax error: missing ';' before identifier 'glAlphaFunc'
c:\program files (x86)\windows kits\10\include\10.0.16299.0\um\gl\gl.h(1159): error C4430: missing type specifier - int assumed. Note: C++ does not support default-int
c:\program files (x86)\windows kits\10\include\10.0.16299.0\um\gl\gl.h(1159): error C2086: 'int WINGDIAPI': redefinition
  c:\program files (x86)\windows kits\10\include\10.0.16299.0\um\gl\gl.h(1157): note: see declaration of 'WINGDIAPI'
c:\program files (x86)\windows kits\10\include\10.0.16299.0\um\gl\gl.h(1159): error C2146: syntax error: missing ';' before identifier 'GLboolean'
c:\program files (x86)\windows kits\10\include\10.0.16299.0\um\gl\gl.h(1160): error C2144: syntax error: 'void' should be preceded by ';'
c:\program files (x86)\windows kits\10\include\10.0.16299.0\um\gl\gl.h(1160): error C4430: missing type specifier - int assumed. Note: C++ does not support default-int
c:\program files (x86)\windows kits\10\include\10.0.16299.0\um\gl\gl.h(1160): error C2086: 'int WINGDIAPI': redefinition
  c:\program files (x86)\windows kits\10\include\10.0.16299.0\um\gl\gl.h(1157): note: see declaration of 'WINGDIAPI'
c:\program files (x86)\windows kits\10\include\10.0.16299.0\um\gl\gl.h(1160): error C2182: 'APIENTRY': illegal use of type 'void'
c:\program files (x86)\windows kits\10\include\10.0.16299.0\um\gl\gl.h(1160): error C2086: 'int APIENTRY': redefinition
  c:\program files (x86)\windows kits\10\include\10.0.16299.0\um\gl\gl.h(1157): note: see declaration of 'APIENTRY'
c:\program files (x86)\windows kits\10\include\10.0.16299.0\um\gl\gl.h(1160): error C2146: syntax error: missing ';' before identifier 'glArrayElement'
c:\program files (x86)\windows kits\10\include\10.0.16299.0\um\gl\gl.h(1161): error C2144: syntax error: 'void' should be preceded by ';'
c:\program files (x86)\windows kits\10\include\10.0.16299.0\um\gl\gl.h(1161): error C4430: missing type specifier - int assumed. Note: C++ does not support default-int
c:\program files (x86)\windows kits\10\include\10.0.16299.0\um\gl\gl.h(1161): error C2086: 'int WINGDIAPI': redefinition
  c:\program files (x86)\windows kits\10\include\10.0.16299.0\um\gl\gl.h(1157): note: see declaration of 'WINGDIAPI'
c:\program files (x86)\windows kits\10\include\10.0.16299.0\um\gl\gl.h(1161): error C2182: 'APIENTRY': illegal use of type 'void'
c:\program files (x86)\windows kits\10\include\10.0.16299.0\um\gl\gl.h(1161): error C2086: 'int APIENTRY': redefinition
  c:\program files (x86)\windows kits\10\include\10.0.16299.0\um\gl\gl.h(1157): note: see declaration of 'APIENTRY'
c:\program files (x86)\windows kits\10\include\10.0.16299.0\um\gl\gl.h(1161): error C2146: syntax error: missing ';' before identifier 'glBegin'
c:\program files (x86)\windows kits\10\include\10.0.16299.0\um\gl\gl.h(1162): error C2144: syntax error: 'void' should be preceded by ';'
c:\program files (x86)\windows kits\10\include\10.0.16299.0\um\gl\gl.h(1162): error C4430: missing type specifier - int assumed. Note: C++ does not support default-int
c:\program files (x86)\windows kits\10\include\10.0.16299.0\um\gl\gl.h(1162): error C2086: 'int WINGDIAPI': redefinition
  c:\program files (x86)\windows kits\10\include\10.0.16299.0\um\gl\gl.h(1157): note: see declaration of 'WINGDIAPI'
c:\program files (x86)\windows kits\10\include\10.0.16299.0\um\gl\gl.h(1162): error C2182: 'APIENTRY': illegal use of type 'void'
c:\program files (x86)\windows kits\10\include\10.0.16299.0\um\gl\gl.h(1162): error C2086: 'int APIENTRY': redefinition
  c:\program files (x86)\windows kits\10\include\10.0.16299.0\um\gl\gl.h(1157): note: see declaration of 'APIENTRY'
c:\program files (x86)\windows kits\10\include\10.0.16299.0\um\gl\gl.h(1162): error C2146: syntax error: missing ';' before identifier 'glBindTexture'
c:\program files (x86)\windows kits\10\include\10.0.16299.0\um\gl\gl.h(1163): error C2144: syntax error: 'void' should be preceded by ';'
c:\program files (x86)\windows kits\10\include\10.0.16299.0\um\gl\gl.h(1163): error C4430: missing type specifier - int assumed. Note: C++ does not support default-int
c:\program files (x86)\windows kits\10\include\10.0.16299.0\um\gl\gl.h(1163): error C2086: 'int WINGDIAPI': redefinition
  c:\program files (x86)\windows kits\10\include\10.0.16299.0\um\gl\gl.h(1157): note: see declaration of 'WINGDIAPI'
c:\program files (x86)\windows kits\10\include\10.0.16299.0\um\gl\gl.h(1163): error C2182: 'APIENTRY': illegal use of type 'void'
c:\program files (x86)\windows kits\10\include\10.0.16299.0\um\gl\gl.h(1163): error C2086: 'int APIENTRY': redefinition
  c:\program files (x86)\windows kits\10\include\10.0.16299.0\um\gl\gl.h(1157): note: see declaration of 'APIENTRY'
c:\program files (x86)\windows kits\10\include\10.0.16299.0\um\gl\gl.h(1163): error C2146: syntax error: missing ';' before identifier 'glBitmap'
c:\program files (x86)\windows kits\10\include\10.0.16299.0\um\gl\gl.h(1164): error C2144: syntax error: 'void' should be preceded by ';'
c:\program files (x86)\windows kits\10\include\10.0.16299.0\um\gl\gl.h(1164): error C4430: missing type specifier - int assumed. Note: C++ does not support default-int
c:\program files (x86)\windows kits\10\include\10.0.16299.0\um\gl\gl.h(1164): error C2086: 'int WINGDIAPI': redefinition
  c:\program files (x86)\windows kits\10\include\10.0.16299.0\um\gl\gl.h(1157): note: see declaration of 'WINGDIAPI'
c:\program files (x86)\windows kits\10\include\10.0.16299.0\um\gl\gl.h(1164): error C2182: 'APIENTRY': illegal use of type 'void'
c:\program files (x86)\windows kits\10\include\10.0.16299.0\um\gl\gl.h(1164): error C2086: 'int APIENTRY': redefinition
  c:\program files (x86)\windows kits\10\include\10.0.16299.0\um\gl\gl.h(1157): note: see declaration of 'APIENTRY'
c:\program files (x86)\windows kits\10\include\10.0.16299.0\um\gl\gl.h(1164): error C2146: syntax error: missing ';' before identifier 'glBlendFunc'
c:\program files (x86)\windows kits\10\include\10.0.16299.0\um\gl\gl.h(1165): error C2144: syntax error: 'void' should be preceded by ';'
c:\program files (x86)\windows kits\10\include\10.0.16299.0\um\gl\gl.h(1165): error C4430: missing type specifier - int assumed. Note: C++ does not support default-int
c:\program files (x86)\windows kits\10\include\10.0.16299.0\um\gl\gl.h(1165): error C2086: 'int WINGDIAPI': redefinition
  c:\program files (x86)\windows kits\10\include\10.0.16299.0\um\gl\gl.h(1157): note: see declaration of 'WINGDIAPI'
c:\program files (x86)\windows kits\10\include\10.0.16299.0\um\gl\gl.h(1165): error C2182: 'APIENTRY': illegal use of type 'void'
c:\program files (x86)\windows kits\10\include\10.0.16299.0\um\gl\gl.h(1165): error C2086: 'int APIENTRY': redefinition
  c:\program files (x86)\windows kits\10\include\10.0.16299.0\um\gl\gl.h(1157): note: see declaration of 'APIENTRY'
c:\program files (x86)\windows kits\10\include\10.0.16299.0\um\gl\gl.h(1165): error C2146: syntax error: missing ';' before identifier 'glCallList'
c:\program files (x86)\windows kits\10\include\10.0.16299.0\um\gl\gl.h(1166): error C2144: syntax error: 'void' should be preceded by ';'
c:\program files (x86)\windows kits\10\include\10.0.16299.0\um\gl\gl.h(1166): error C4430: missing type specifier - int assumed. Note: C++ does not support default-int
c:\program files (x86)\windows kits\10\include\10.0.16299.0\um\gl\gl.h(1166): error C2086: 'int WINGDIAPI': redefinition
  c:\program files (x86)\windows kits\10\include\10.0.16299.0\um\gl\gl.h(1157): note: see declaration of 'WINGDIAPI'
c:\program files (x86)\windows kits\10\include\10.0.16299.0\um\gl\gl.h(1166): error C2182: 'APIENTRY': illegal use of type 'void'
c:\program files (x86)\windows kits\10\include\10.0.16299.0\um\gl\gl.h(1166): error C2086: 'int APIENTRY': redefinition
  c:\program files (x86)\windows kits\10\include\10.0.16299.0\um\gl\gl.h(1157): note: see declaration of 'APIENTRY'
c:\program files (x86)\windows kits\10\include\10.0.16299.0\um\gl\gl.h(1166): error C2146: syntax error: missing ';' before identifier 'glCallLists'
c:\program files (x86)\windows kits\10\include\10.0.16299.0\um\gl\gl.h(1167): error C2144: syntax error: 'void' should be preceded by ';'
c:\program files (x86)\windows kits\10\include\10.0.16299.0\um\gl\gl.h(1167): error C4430: missing type specifier - int assumed. Note: C++ does not support default-int
c:\program files (x86)\windows kits\10\include\10.0.16299.0\um\gl\gl.h(1167): error C2086: 'int WINGDIAPI': redefinition
  c:\program files (x86)\windows kits\10\include\10.0.16299.0\um\gl\gl.h(1157): note: see declaration of 'WINGDIAPI'
c:\program files (x86)\windows kits\10\include\10.0.16299.0\um\gl\gl.h(1167): error C2182: 'APIENTRY': illegal use of type 'void'
c:\program files (x86)\windows kits\10\include\10.0.16299.0\um\gl\gl.h(1167): error C2086: 'int APIENTRY': redefinition
  c:\program files (x86)\windows kits\10\include\10.0.16299.0\um\gl\gl.h(1157): note: see declaration of 'APIENTRY'
c:\program files (x86)\windows kits\10\include\10.0.16299.0\um\gl\gl.h(1167): error C2146: syntax error: missing ';' before identifier 'glClear'
c:\program files (x86)\windows kits\10\include\10.0.16299.0\um\gl\gl.h(1168): error C2144: syntax error: 'void' should be preceded by ';'
c:\program files (x86)\windows kits\10\include\10.0.16299.0\um\gl\gl.h(1168): error C4430: missing type specifier - int assumed. Note: C++ does not support default-int
c:\program files (x86)\windows kits\10\include\10.0.16299.0\um\gl\gl.h(1168): error C2086: 'int WINGDIAPI': redefinition
  c:\program files (x86)\windows kits\10\include\10.0.16299.0\um\gl\gl.h(1157): note: see declaration of 'WINGDIAPI'
c:\program files (x86)\windows kits\10\include\10.0.16299.0\um\gl\gl.h(1168): error C2182: 'APIENTRY': illegal use of type 'void'
c:\program files (x86)\windows kits\10\include\10.0.16299.0\um\gl\gl.h(1168): error C2086: 'int APIENTRY': redefinition
  c:\program files (x86)\windows kits\10\include\10.0.16299.0\um\gl\gl.h(1157): note: see declaration of 'APIENTRY'
c:\program files (x86)\windows kits\10\include\10.0.16299.0\um\gl\gl.h(1168): error C2146: syntax error: missing ';' before identifier 'glClearAccum'
c:\program files (x86)\windows kits\10\include\10.0.16299.0\um\gl\gl.h(1169): error C2144: syntax error: 'void' should be preceded by ';'
c:\program files (x86)\windows kits\10\include\10.0.16299.0\um\gl\gl.h(1169): error C4430: missing type specifier - int assumed. Note: C++ does not support default-int
c:\program files (x86)\windows kits\10\include\10.0.16299.0\um\gl\gl.h(1169): error C2086: 'int WINGDIAPI': redefinition
  c:\program files (x86)\windows kits\10\include\10.0.16299.0\um\gl\gl.h(1157): note: see declaration of 'WINGDIAPI'
c:\program files (x86)\windows kits\10\include\10.0.16299.0\um\gl\gl.h(1169): error C2182: 'APIENTRY': illegal use of type 'void'
c:\program files (x86)\windows kits\10\include\10.0.16299.0\um\gl\gl.h(1169): error C2086: 'int APIENTRY': redefinition
  c:\program files (x86)\windows kits\10\include\10.0.16299.0\um\gl\gl.h(1157): note: see declaration of 'APIENTRY'
c:\program files (x86)\windows kits\10\include\10.0.16299.0\um\gl\gl.h(1169): error C2146: syntax error: missing ';' before identifier 'glClearColor'
c:\program files (x86)\windows kits\10\include\10.0.16299.0\um\gl\gl.h(1170): error C2144: syntax error: 'void' should be preceded by ';'
c:\program files (x86)\windows kits\10\include\10.0.16299.0\um\gl\gl.h(1170): error C4430: missing type specifier - int assumed. Note: C++ does not support default-int
c:\program files (x86)\windows kits\10\include\10.0.16299.0\um\gl\gl.h(1170): error C2086: 'int WINGDIAPI': redefinition
  c:\program files (x86)\windows kits\10\include\10.0.16299.0\um\gl\gl.h(1157): note: see declaration of 'WINGDIAPI'
c:\program files (x86)\windows kits\10\include\10.0.16299.0\um\gl\gl.h(1170): error C2182: 'APIENTRY': illegal use of type 'void'
c:\program files (x86)\windows kits\10\include\10.0.16299.0\um\gl\gl.h(1170): error C2086: 'int APIENTRY': redefinition
  c:\program files (x86)\windows kits\10\include\10.0.16299.0\um\gl\gl.h(1157): note: see declaration of 'APIENTRY'
c:\program files (x86)\windows kits\10\include\10.0.16299.0\um\gl\gl.h(1170): error C2146: syntax error: missing ';' before identifier 'glClearDepth'
c:\program files (x86)\windows kits\10\include\10.0.16299.0\um\gl\gl.h(1171): error C2144: syntax error: 'void' should be preceded by ';'
c:\program files (x86)\windows kits\10\include\10.0.16299.0\um\gl\gl.h(1171): error C4430: missing type specifier - int assumed. Note: C++ does not support default-int
c:\program files (x86)\windows kits\10\include\10.0.16299.0\um\gl\gl.h(1171): error C2086: 'int WINGDIAPI': redefinition
  c:\program files (x86)\windows kits\10\include\10.0.16299.0\um\gl\gl.h(1157): note: see declaration of 'WINGDIAPI'
c:\program files (x86)\windows kits\10\include\10.0.16299.0\um\gl\gl.h(1171): error C2182: 'APIENTRY': illegal use of type 'void'
c:\program files (x86)\windows kits\10\include\10.0.16299.0\um\gl\gl.h(1171): error C2086: 'int APIENTRY': redefinition
  c:\program files (x86)\windows kits\10\include\10.0.16299.0\um\gl\gl.h(1157): note: see declaration of 'APIENTRY'
c:\program files (x86)\windows kits\10\include\10.0.16299.0\um\gl\gl.h(1171): error C2146: syntax error: missing ';' before identifier 'glClearIndex'
c:\program files (x86)\windows kits\10\include\10.0.16299.0\um\gl\gl.h(1172): error C2144: syntax error: 'void' should be preceded by ';'
c:\program files (x86)\windows kits\10\include\10.0.16299.0\um\gl\gl.h(1172): error C4430: missing type specifier - int assumed. Note: C++ does not support default-int
c:\program files (x86)\windows kits\10\include\10.0.16299.0\um\gl\gl.h(1172): error C2086: 'int WINGDIAPI': redefinition
  c:\program files (x86)\windows kits\10\include\10.0.16299.0\um\gl\gl.h(1157): note: see declaration of 'WINGDIAPI'
c:\program files (x86)\windows kits\10\include\10.0.16299.0\um\gl\gl.h(1172): error C2182: 'APIENTRY': illegal use of type 'void'
c:\program files (x86)\windows kits\10\include\10.0.16299.0\um\gl\gl.h(1172): error C2086: 'int APIENTRY': redefinition
  c:\program files (x86)\windows kits\10\include\10.0.16299.0\um\gl\gl.h(1157): note: see declaration of 'APIENTRY'
c:\program files (x86)\windows kits\10\include\10.0.16299.0\um\gl\gl.h(1172): error C2146: syntax error: missing ';' before identifier 'glClearStencil'
c:\program files (x86)\windows kits\10\include\10.0.16299.0\um\gl\gl.h(1173): error C2144: syntax error: 'void' should be preceded by ';'
c:\program files (x86)\windows kits\10\include\10.0.16299.0\um\gl\gl.h(1173): error C4430: missing type specifier - int assumed. Note: C++ does not support default-int
c:\program files (x86)\windows kits\10\include\10.0.16299.0\um\gl\gl.h(1173): error C2086: 'int WINGDIAPI': redefinition
  c:\program files (x86)\windows kits\10\include\10.0.16299.0\um\gl\gl.h(1157): note: see declaration of 'WINGDIAPI'
c:\program files (x86)\windows kits\10\include\10.0.16299.0\um\gl\gl.h(1173): error C2182: 'APIENTRY': illegal use of type 'void'
c:\program files (x86)\windows kits\10\include\10.0.16299.0\um\gl\gl.h(1173): error C2086: 'int APIENTRY': redefinition
  c:\program files (x86)\windows kits\10\include\10.0.16299.0\um\gl\gl.h(1157): note: see declaration of 'APIENTRY'
c:\program files (x86)\windows kits\10\include\10.0.16299.0\um\gl\gl.h(1173): error C2146: syntax error: missing ';' before identifier 'glClipPlane'
c:\program files (x86)\windows kits\10\include\10.0.16299.0\um\gl\gl.h(1174): error C2144: syntax error: 'void' should be preceded by ';'
c:\program files (x86)\windows kits\10\include\10.0.16299.0\um\gl\gl.h(1174): error C4430: missing type specifier - int assumed. Note: C++ does not support default-int
c:\program files (x86)\windows kits\10\include\10.0.16299.0\um\gl\gl.h(1174): error C2086: 'int WINGDIAPI': redefinition
  c:\program files (x86)\windows kits\10\include\10.0.16299.0\um\gl\gl.h(1157): note: see declaration of 'WINGDIAPI'
c:\program files (x86)\windows kits\10\include\10.0.16299.0\um\gl\gl.h(1174): error C2182: 'APIENTRY': illegal use of type 'void'
c:\program files (x86)\windows kits\10\include\10.0.16299.0\um\gl\gl.h(1174): error C2086: 'int APIENTRY': redefinition
  c:\program files (x86)\windows kits\10\include\10.0.16299.0\um\gl\gl.h(1157): note: see declaration of 'APIENTRY'
c:\program files (x86)\windows kits\10\include\10.0.16299.0\um\gl\gl.h(1174): error C2146: syntax error: missing ';' before identifier 'glColor3b'
c:\program files (x86)\windows kits\10\include\10.0.16299.0\um\gl\gl.h(1175): error C2144: syntax error: 'void' should be preceded by ';'
c:\program files (x86)\windows kits\10\include\10.0.16299.0\um\gl\gl.h(1175): error C4430: missing type specifier - int assumed. Note: C++ does not support default-int
c:\program files (x86)\windows kits\10\include\10.0.16299.0\um\gl\gl.h(1175): error C2086: 'int WINGDIAPI': redefinition
  c:\program files (x86)\windows kits\10\include\10.0.16299.0\um\gl\gl.h(1157): note: see declaration of 'WINGDIAPI'
c:\program files (x86)\windows kits\10\include\10.0.16299.0\um\gl\gl.h(1175): error C2182: 'APIENTRY': illegal use of type 'void'
c:\program files (x86)\windows kits\10\include\10.0.16299.0\um\gl\gl.h(1175): error C2086: 'int APIENTRY': redefinition
  c:\program files (x86)\windows kits\10\include\10.0.16299.0\um\gl\gl.h(1157): note: see declaration of 'APIENTRY'
c:\program files (x86)\windows kits\10\include\10.0.16299.0\um\gl\gl.h(1175): error C2146: syntax error: missing ';' before identifier 'glColor3bv'
c:\program files (x86)\windows kits\10\include\10.0.16299.0\um\gl\gl.h(1176): error C2144: syntax error: 'void' should be preceded by ';'
c:\program files (x86)\windows kits\10\include\10.0.16299.0\um\gl\gl.h(1176): error C4430: missing type specifier - int assumed. Note: C++ does not support default-int
c:\program files (x86)\windows kits\10\include\10.0.16299.0\um\gl\gl.h(1176): error C2086: 'int WINGDIAPI': redefinition
  c:\program files (x86)\windows kits\10\include\10.0.16299.0\um\gl\gl.h(1157): note: see declaration of 'WINGDIAPI'
c:\program files (x86)\windows kits\10\include\10.0.16299.0\um\gl\gl.h(1176): error C2182: 'APIENTRY': illegal use of type 'void'
c:\program files (x86)\windows kits\10\include\10.0.16299.0\um\gl\gl.h(1176): error C2086: 'int APIENTRY': redefinition
  c:\program files (x86)\windows kits\10\include\10.0.16299.0\um\gl\gl.h(1157): note: see declaration of 'APIENTRY'
c:\program files (x86)\windows kits\10\include\10.0.16299.0\um\gl\gl.h(1176): error C2146: syntax error: missing ';' before identifier 'glColor3d'
c:\program files (x86)\windows kits\10\include\10.0.16299.0\um\gl\gl.h(1177): error C2144: syntax error: 'void' should be preceded by ';'
c:\program files (x86)\windows kits\10\include\10.0.16299.0\um\gl\gl.h(1177): error C4430: missing type specifier - int assumed. Note: C++ does not support default-int
c:\program files (x86)\windows kits\10\include\10.0.16299.0\um\gl\gl.h(1177): error C2086: 'int WINGDIAPI': redefinition
  c:\program files (x86)\windows kits\10\include\10.0.16299.0\um\gl\gl.h(1157): note: see declaration of 'WINGDIAPI'
c:\program files (x86)\windows kits\10\include\10.0.16299.0\um\gl\gl.h(1177): error C2182: 'APIENTRY': illegal use of type 'void'
c:\program files (x86)\windows kits\10\include\10.0.16299.0\um\gl\gl.h(1177): error C2086: 'int APIENTRY': redefinition
  c:\program files (x86)\windows kits\10\include\10.0.16299.0\um\gl\gl.h(1157): note: see declaration of 'APIENTRY'
c:\program files (x86)\windows kits\10\include\10.0.16299.0\um\gl\gl.h(1177): error C2146: syntax error: missing ';' before identifier 'glColor3dv'
c:\program files (x86)\windows kits\10\include\10.0.16299.0\um\gl\gl.h(1178): error C2144: syntax error: 'void' should be preceded by ';'
c:\program files (x86)\windows kits\10\include\10.0.16299.0\um\gl\gl.h(1178): fatal error C1003: error count exceeds 100; stopping compilation
  arcball.cpp
c:\program files (x86)\windows kits\10\include\10.0.16299.0\um\gl\gl.h(1157): error C2144: syntax error: 'void' should be preceded by ';'
c:\program files (x86)\windows kits\10\include\10.0.16299.0\um\gl\gl.h(1157): error C4430: missing type specifier - int assumed. Note: C++ does not support default-int
c:\program files (x86)\windows kits\10\include\10.0.16299.0\um\gl\gl.h(1157): error C2182: 'APIENTRY': illegal use of type 'void'
c:\program files (x86)\windows kits\10\include\10.0.16299.0\um\gl\gl.h(1157): error C2146: syntax error: missing ';' before identifier 'glAccum'
c:\program files (x86)\windows kits\10\include\10.0.16299.0\um\gl\gl.h(1158): error C2144: syntax error: 'void' should be preceded by ';'
c:\program files (x86)\windows kits\10\include\10.0.16299.0\um\gl\gl.h(1158): error C4430: missing type specifier - int assumed. Note: C++ does not support default-int
c:\program files (x86)\windows kits\10\include\10.0.16299.0\um\gl\gl.h(1158): error C2086: 'int WINGDIAPI': redefinition
  c:\program files (x86)\windows kits\10\include\10.0.16299.0\um\gl\gl.h(1157): note: see declaration of 'WINGDIAPI'
c:\program files (x86)\windows kits\10\include\10.0.16299.0\um\gl\gl.h(1158): error C2182: 'APIENTRY': illegal use of type 'void'
c:\program files (x86)\windows kits\10\include\10.0.16299.0\um\gl\gl.h(1158): error C2086: 'int APIENTRY': redefinition
  c:\program files (x86)\windows kits\10\include\10.0.16299.0\um\gl\gl.h(1157): note: see declaration of 'APIENTRY'
c:\program files (x86)\windows kits\10\include\10.0.16299.0\um\gl\gl.h(1158): error C2146: syntax error: missing ';' before identifier 'glAlphaFunc'
c:\program files (x86)\windows kits\10\include\10.0.16299.0\um\gl\gl.h(1159): error C4430: missing type specifier - int assumed. Note: C++ does not support default-int
c:\program files (x86)\windows kits\10\include\10.0.16299.0\um\gl\gl.h(1159): error C2086: 'int WINGDIAPI': redefinition
  c:\program files (x86)\windows kits\10\include\10.0.16299.0\um\gl\gl.h(1157): note: see declaration of 'WINGDIAPI'
c:\program files (x86)\windows kits\10\include\10.0.16299.0\um\gl\gl.h(1159): error C2146: syntax error: missing ';' before identifier 'GLboolean'
c:\program files (x86)\windows kits\10\include\10.0.16299.0\um\gl\gl.h(1160): error C2144: syntax error: 'void' should be preceded by ';'
c:\program files (x86)\windows kits\10\include\10.0.16299.0\um\gl\gl.h(1160): error C4430: missing type specifier - int assumed. Note: C++ does not support default-int
c:\program files (x86)\windows kits\10\include\10.0.16299.0\um\gl\gl.h(1160): error C2086: 'int WINGDIAPI': redefinition
  c:\program files (x86)\windows kits\10\include\10.0.16299.0\um\gl\gl.h(1157): note: see declaration of 'WINGDIAPI'
c:\program files (x86)\windows kits\10\include\10.0.16299.0\um\gl\gl.h(1160): error C2182: 'APIENTRY': illegal use of type 'void'
c:\program files (x86)\windows kits\10\include\10.0.16299.0\um\gl\gl.h(1160): error C2086: 'int APIENTRY': redefinition
  c:\program files (x86)\windows kits\10\include\10.0.16299.0\um\gl\gl.h(1157): note: see declaration of 'APIENTRY'
c:\program files (x86)\windows kits\10\include\10.0.16299.0\um\gl\gl.h(1160): error C2146: syntax error: missing ';' before identifier 'glArrayElement'
c:\program files (x86)\windows kits\10\include\10.0.16299.0\um\gl\gl.h(1161): error C2144: syntax error: 'void' should be preceded by ';'
c:\program files (x86)\windows kits\10\include\10.0.16299.0\um\gl\gl.h(1161): error C4430: missing type specifier - int assumed. Note: C++ does not support default-int
c:\program files (x86)\windows kits\10\include\10.0.16299.0\um\gl\gl.h(1161): error C2086: 'int WINGDIAPI': redefinition
  c:\program files (x86)\windows kits\10\include\10.0.16299.0\um\gl\gl.h(1157): note: see declaration of 'WINGDIAPI'
c:\program files (x86)\windows kits\10\include\10.0.16299.0\um\gl\gl.h(1161): error C2182: 'APIENTRY': illegal use of type 'void'
c:\program files (x86)\windows kits\10\include\10.0.16299.0\um\gl\gl.h(1161): error C2086: 'int APIENTRY': redefinition
  c:\program files (x86)\windows kits\10\include\10.0.16299.0\um\gl\gl.h(1157): note: see declaration of 'APIENTRY'
c:\program files (x86)\windows kits\10\include\10.0.16299.0\um\gl\gl.h(1161): error C2146: syntax error: missing ';' before identifier 'glBegin'
c:\program files (x86)\windows kits\10\include\10.0.16299.0\um\gl\gl.h(1162): error C2144: syntax error: 'void' should be preceded by ';'
c:\program files (x86)\windows kits\10\include\10.0.16299.0\um\gl\gl.h(1162): error C4430: missing type specifier - int assumed. Note: C++ does not support default-int
c:\program files (x86)\windows kits\10\include\10.0.16299.0\um\gl\gl.h(1162): error C2086: 'int WINGDIAPI': redefinition
  c:\program files (x86)\windows kits\10\include\10.0.16299.0\um\gl\gl.h(1157): note: see declaration of 'WINGDIAPI'
c:\program files (x86)\windows kits\10\include\10.0.16299.0\um\gl\gl.h(1162): error C2182: 'APIENTRY': illegal use of type 'void'
c:\program files (x86)\windows kits\10\include\10.0.16299.0\um\gl\gl.h(1162): error C2086: 'int APIENTRY': redefinition
  c:\program files (x86)\windows kits\10\include\10.0.16299.0\um\gl\gl.h(1157): note: see declaration of 'APIENTRY'
c:\program files (x86)\windows kits\10\include\10.0.16299.0\um\gl\gl.h(1162): error C2146: syntax error: missing ';' before identifier 'glBindTexture'
c:\program files (x86)\windows kits\10\include\10.0.16299.0\um\gl\gl.h(1163): error C2144: syntax error: 'void' should be preceded by ';'
c:\program files (x86)\windows kits\10\include\10.0.16299.0\um\gl\gl.h(1163): error C4430: missing type specifier - int assumed. Note: C++ does not support default-int
c:\program files (x86)\windows kits\10\include\10.0.16299.0\um\gl\gl.h(1163): error C2086: 'int WINGDIAPI': redefinition
  c:\program files (x86)\windows kits\10\include\10.0.16299.0\um\gl\gl.h(1157): note: see declaration of 'WINGDIAPI'
c:\program files (x86)\windows kits\10\include\10.0.16299.0\um\gl\gl.h(1163): error C2182: 'APIENTRY': illegal use of type 'void'
c:\program files (x86)\windows kits\10\include\10.0.16299.0\um\gl\gl.h(1163): error C2086: 'int APIENTRY': redefinition
  c:\program files (x86)\windows kits\10\include\10.0.16299.0\um\gl\gl.h(1157): note: see declaration of 'APIENTRY'
c:\program files (x86)\windows kits\10\include\10.0.16299.0\um\gl\gl.h(1163): error C2146: syntax error: missing ';' before identifier 'glBitmap'
c:\program files (x86)\windows kits\10\include\10.0.16299.0\um\gl\gl.h(1164): error C2144: syntax error: 'void' should be preceded by ';'
c:\program files (x86)\windows kits\10\include\10.0.16299.0\um\gl\gl.h(1164): error C4430: missing type specifier - int assumed. Note: C++ does not support default-int
c:\program files (x86)\windows kits\10\include\10.0.16299.0\um\gl\gl.h(1164): error C2086: 'int WINGDIAPI': redefinition
  c:\program files (x86)\windows kits\10\include\10.0.16299.0\um\gl\gl.h(1157): note: see declaration of 'WINGDIAPI'
c:\program files (x86)\windows kits\10\include\10.0.16299.0\um\gl\gl.h(1164): error C2182: 'APIENTRY': illegal use of type 'void'
c:\program files (x86)\windows kits\10\include\10.0.16299.0\um\gl\gl.h(1164): error C2086: 'int APIENTRY': redefinition
  c:\program files (x86)\windows kits\10\include\10.0.16299.0\um\gl\gl.h(1157): note: see declaration of 'APIENTRY'
c:\program files (x86)\windows kits\10\include\10.0.16299.0\um\gl\gl.h(1164): error C2146: syntax error: missing ';' before identifier 'glBlendFunc'
c:\program files (x86)\windows kits\10\include\10.0.16299.0\um\gl\gl.h(1165): error C2144: syntax error: 'void' should be preceded by ';'
c:\program files (x86)\windows kits\10\include\10.0.16299.0\um\gl\gl.h(1165): error C4430: missing type specifier - int assumed. Note: C++ does not support default-int
c:\program files (x86)\windows kits\10\include\10.0.16299.0\um\gl\gl.h(1165): error C2086: 'int WINGDIAPI': redefinition
  c:\program files (x86)\windows kits\10\include\10.0.16299.0\um\gl\gl.h(1157): note: see declaration of 'WINGDIAPI'
c:\program files (x86)\windows kits\10\include\10.0.16299.0\um\gl\gl.h(1165): error C2182: 'APIENTRY': illegal use of type 'void'
c:\program files (x86)\windows kits\10\include\10.0.16299.0\um\gl\gl.h(1165): error C2086: 'int APIENTRY': redefinition
  c:\program files (x86)\windows kits\10\include\10.0.16299.0\um\gl\gl.h(1157): note: see declaration of 'APIENTRY'
c:\program files (x86)\windows kits\10\include\10.0.16299.0\um\gl\gl.h(1165): error C2146: syntax error: missing ';' before identifier 'glCallList'
c:\program files (x86)\windows kits\10\include\10.0.16299.0\um\gl\gl.h(1166): error C2144: syntax error: 'void' should be preceded by ';'
c:\program files (x86)\windows kits\10\include\10.0.16299.0\um\gl\gl.h(1166): error C4430: missing type specifier - int assumed. Note: C++ does not support default-int
c:\program files (x86)\windows kits\10\include\10.0.16299.0\um\gl\gl.h(1166): error C2086: 'int WINGDIAPI': redefinition
  c:\program files (x86)\windows kits\10\include\10.0.16299.0\um\gl\gl.h(1157): note: see declaration of 'WINGDIAPI'
c:\program files (x86)\windows kits\10\include\10.0.16299.0\um\gl\gl.h(1166): error C2182: 'APIENTRY': illegal use of type 'void'
c:\program files (x86)\windows kits\10\include\10.0.16299.0\um\gl\gl.h(1166): error C2086: 'int APIENTRY': redefinition
  c:\program files (x86)\windows kits\10\include\10.0.16299.0\um\gl\gl.h(1157): note: see declaration of 'APIENTRY'
c:\program files (x86)\windows kits\10\include\10.0.16299.0\um\gl\gl.h(1166): error C2146: syntax error: missing ';' before identifier 'glCallLists'
c:\program files (x86)\windows kits\10\include\10.0.16299.0\um\gl\gl.h(1167): error C2144: syntax error: 'void' should be preceded by ';'
c:\program files (x86)\windows kits\10\include\10.0.16299.0\um\gl\gl.h(1167): error C4430: missing type specifier - int assumed. Note: C++ does not support default-int
c:\program files (x86)\windows kits\10\include\10.0.16299.0\um\gl\gl.h(1167): error C2086: 'int WINGDIAPI': redefinition
  c:\program files (x86)\windows kits\10\include\10.0.16299.0\um\gl\gl.h(1157): note: see declaration of 'WINGDIAPI'
c:\program files (x86)\windows kits\10\include\10.0.16299.0\um\gl\gl.h(1167): error C2182: 'APIENTRY': illegal use of type 'void'
c:\program files (x86)\windows kits\10\include\10.0.16299.0\um\gl\gl.h(1167): error C2086: 'int APIENTRY': redefinition
  c:\program files (x86)\windows kits\10\include\10.0.16299.0\um\gl\gl.h(1157): note: see declaration of 'APIENTRY'
c:\program files (x86)\windows kits\10\include\10.0.16299.0\um\gl\gl.h(1167): error C2146: syntax error: missing ';' before identifier 'glClear'
c:\program files (x86)\windows kits\10\include\10.0.16299.0\um\gl\gl.h(1168): error C2144: syntax error: 'void' should be preceded by ';'
c:\program files (x86)\windows kits\10\include\10.0.16299.0\um\gl\gl.h(1168): error C4430: missing type specifier - int assumed. Note: C++ does not support default-int
c:\program files (x86)\windows kits\10\include\10.0.16299.0\um\gl\gl.h(1168): error C2086: 'int WINGDIAPI': redefinition
  c:\program files (x86)\windows kits\10\include\10.0.16299.0\um\gl\gl.h(1157): note: see declaration of 'WINGDIAPI'
c:\program files (x86)\windows kits\10\include\10.0.16299.0\um\gl\gl.h(1168): error C2182: 'APIENTRY': illegal use of type 'void'
c:\program files (x86)\windows kits\10\include\10.0.16299.0\um\gl\gl.h(1168): error C2086: 'int APIENTRY': redefinition
  c:\program files (x86)\windows kits\10\include\10.0.16299.0\um\gl\gl.h(1157): note: see declaration of 'APIENTRY'
c:\program files (x86)\windows kits\10\include\10.0.16299.0\um\gl\gl.h(1168): error C2146: syntax error: missing ';' before identifier 'glClearAccum'
c:\program files (x86)\windows kits\10\include\10.0.16299.0\um\gl\gl.h(1169): error C2144: syntax error: 'void' should be preceded by ';'
c:\program files (x86)\windows kits\10\include\10.0.16299.0\um\gl\gl.h(1169): error C4430: missing type specifier - int assumed. Note: C++ does not support default-int
c:\program files (x86)\windows kits\10\include\10.0.16299.0\um\gl\gl.h(1169): error C2086: 'int WINGDIAPI': redefinition
  c:\program files (x86)\windows kits\10\include\10.0.16299.0\um\gl\gl.h(1157): note: see declaration of 'WINGDIAPI'
c:\program files (x86)\windows kits\10\include\10.0.16299.0\um\gl\gl.h(1169): error C2182: 'APIENTRY': illegal use of type 'void'
c:\program files (x86)\windows kits\10\include\10.0.16299.0\um\gl\gl.h(1169): error C2086: 'int APIENTRY': redefinition
  c:\program files (x86)\windows kits\10\include\10.0.16299.0\um\gl\gl.h(1157): note: see declaration of 'APIENTRY'
c:\program files (x86)\windows kits\10\include\10.0.16299.0\um\gl\gl.h(1169): error C2146: syntax error: missing ';' before identifier 'glClearColor'
c:\program files (x86)\windows kits\10\include\10.0.16299.0\um\gl\gl.h(1170): error C2144: syntax error: 'void' should be preceded by ';'
c:\program files (x86)\windows kits\10\include\10.0.16299.0\um\gl\gl.h(1170): error C4430: missing type specifier - int assumed. Note: C++ does not support default-int
c:\program files (x86)\windows kits\10\include\10.0.16299.0\um\gl\gl.h(1170): error C2086: 'int WINGDIAPI': redefinition
  c:\program files (x86)\windows kits\10\include\10.0.16299.0\um\gl\gl.h(1157): note: see declaration of 'WINGDIAPI'
c:\program files (x86)\windows kits\10\include\10.0.16299.0\um\gl\gl.h(1170): error C2182: 'APIENTRY': illegal use of type 'void'
c:\program files (x86)\windows kits\10\include\10.0.16299.0\um\gl\gl.h(1170): error C2086: 'int APIENTRY': redefinition
  c:\program files (x86)\windows kits\10\include\10.0.16299.0\um\gl\gl.h(1157): note: see declaration of 'APIENTRY'
c:\program files (x86)\windows kits\10\include\10.0.16299.0\um\gl\gl.h(1170): error C2146: syntax error: missing ';' before identifier 'glClearDepth'
c:\program files (x86)\windows kits\10\include\10.0.16299.0\um\gl\gl.h(1171): error C2144: syntax error: 'void' should be preceded by ';'
c:\program files (x86)\windows kits\10\include\10.0.16299.0\um\gl\gl.h(1171): error C4430: missing type specifier - int assumed. Note: C++ does not support default-int
c:\program files (x86)\windows kits\10\include\10.0.16299.0\um\gl\gl.h(1171): error C2086: 'int WINGDIAPI': redefinition
  c:\program files (x86)\windows kits\10\include\10.0.16299.0\um\gl\gl.h(1157): note: see declaration of 'WINGDIAPI'
c:\program files (x86)\windows kits\10\include\10.0.16299.0\um\gl\gl.h(1171): error C2182: 'APIENTRY': illegal use of type 'void'
c:\program files (x86)\windows kits\10\include\10.0.16299.0\um\gl\gl.h(1171): error C2086: 'int APIENTRY': redefinition
  c:\program files (x86)\windows kits\10\include\10.0.16299.0\um\gl\gl.h(1157): note: see declaration of 'APIENTRY'
c:\program files (x86)\windows kits\10\include\10.0.16299.0\um\gl\gl.h(1171): error C2146: syntax error: missing ';' before identifier 'glClearIndex'
c:\program files (x86)\windows kits\10\include\10.0.16299.0\um\gl\gl.h(1172): error C2144: syntax error: 'void' should be preceded by ';'
c:\program files (x86)\windows kits\10\include\10.0.16299.0\um\gl\gl.h(1172): error C4430: missing type specifier - int assumed. Note: C++ does not support default-int
c:\program files (x86)\windows kits\10\include\10.0.16299.0\um\gl\gl.h(1172): error C2086: 'int WINGDIAPI': redefinition
  c:\program files (x86)\windows kits\10\include\10.0.16299.0\um\gl\gl.h(1157): note: see declaration of 'WINGDIAPI'
c:\program files (x86)\windows kits\10\include\10.0.16299.0\um\gl\gl.h(1172): error C2182: 'APIENTRY': illegal use of type 'void'
c:\program files (x86)\windows kits\10\include\10.0.16299.0\um\gl\gl.h(1172): error C2086: 'int APIENTRY': redefinition
  c:\program files (x86)\windows kits\10\include\10.0.16299.0\um\gl\gl.h(1157): note: see declaration of 'APIENTRY'
c:\program files (x86)\windows kits\10\include\10.0.16299.0\um\gl\gl.h(1172): error C2146: syntax error: missing ';' before identifier 'glClearStencil'
c:\program files (x86)\windows kits\10\include\10.0.16299.0\um\gl\gl.h(1173): error C2144: syntax error: 'void' should be preceded by ';'
c:\program files (x86)\windows kits\10\include\10.0.16299.0\um\gl\gl.h(1173): error C4430: missing type specifier - int assumed. Note: C++ does not support default-int
c:\program files (x86)\windows kits\10\include\10.0.16299.0\um\gl\gl.h(1173): error C2086: 'int WINGDIAPI': redefinition
  c:\program files (x86)\windows kits\10\include\10.0.16299.0\um\gl\gl.h(1157): note: see declaration of 'WINGDIAPI'
c:\program files (x86)\windows kits\10\include\10.0.16299.0\um\gl\gl.h(1173): error C2182: 'APIENTRY': illegal use of type 'void'
c:\program files (x86)\windows kits\10\include\10.0.16299.0\um\gl\gl.h(1173): error C2086: 'int APIENTRY': redefinition
  c:\program files (x86)\windows kits\10\include\10.0.16299.0\um\gl\gl.h(1157): note: see declaration of 'APIENTRY'
c:\program files (x86)\windows kits\10\include\10.0.16299.0\um\gl\gl.h(1173): error C2146: syntax error: missing ';' before identifier 'glClipPlane'
c:\program files (x86)\windows kits\10\include\10.0.16299.0\um\gl\gl.h(1174): error C2144: syntax error: 'void' should be preceded by ';'
c:\program files (x86)\windows kits\10\include\10.0.16299.0\um\gl\gl.h(1174): error C4430: missing type specifier - int assumed. Note: C++ does not support default-int
c:\program files (x86)\windows kits\10\include\10.0.16299.0\um\gl\gl.h(1174): error C2086: 'int WINGDIAPI': redefinition
  c:\program files (x86)\windows kits\10\include\10.0.16299.0\um\gl\gl.h(1157): note: see declaration of 'WINGDIAPI'
c:\program files (x86)\windows kits\10\include\10.0.16299.0\um\gl\gl.h(1174): error C2182: 'APIENTRY': illegal use of type 'void'
c:\program files (x86)\windows kits\10\include\10.0.16299.0\um\gl\gl.h(1174): error C2086: 'int APIENTRY': redefinition
  c:\program files (x86)\windows kits\10\include\10.0.16299.0\um\gl\gl.h(1157): note: see declaration of 'APIENTRY'
c:\program files (x86)\windows kits\10\include\10.0.16299.0\um\gl\gl.h(1174): error C2146: syntax error: missing ';' before identifier 'glColor3b'
c:\program files (x86)\windows kits\10\include\10.0.16299.0\um\gl\gl.h(1175): error C2144: syntax error: 'void' should be preceded by ';'
c:\program files (x86)\windows kits\10\include\10.0.16299.0\um\gl\gl.h(1175): error C4430: missing type specifier - int assumed. Note: C++ does not support default-int
c:\program files (x86)\windows kits\10\include\10.0.16299.0\um\gl\gl.h(1175): error C2086: 'int WINGDIAPI': redefinition
  c:\program files (x86)\windows kits\10\include\10.0.16299.0\um\gl\gl.h(1157): note: see declaration of 'WINGDIAPI'
c:\program files (x86)\windows kits\10\include\10.0.16299.0\um\gl\gl.h(1175): error C2182: 'APIENTRY': illegal use of type 'void'
c:\program files (x86)\windows kits\10\include\10.0.16299.0\um\gl\gl.h(1175): error C2086: 'int APIENTRY': redefinition
  c:\program files (x86)\windows kits\10\include\10.0.16299.0\um\gl\gl.h(1157): note: see declaration of 'APIENTRY'
c:\program files (x86)\windows kits\10\include\10.0.16299.0\um\gl\gl.h(1175): error C2146: syntax error: missing ';' before identifier 'glColor3bv'
c:\program files (x86)\windows kits\10\include\10.0.16299.0\um\gl\gl.h(1176): error C2144: syntax error: 'void' should be preceded by ';'
c:\program files (x86)\windows kits\10\include\10.0.16299.0\um\gl\gl.h(1176): error C4430: missing type specifier - int assumed. Note: C++ does not support default-int
c:\program files (x86)\windows kits\10\include\10.0.16299.0\um\gl\gl.h(1176): error C2086: 'int WINGDIAPI': redefinition
  c:\program files (x86)\windows kits\10\include\10.0.16299.0\um\gl\gl.h(1157): note: see declaration of 'WINGDIAPI'
c:\program files (x86)\windows kits\10\include\10.0.16299.0\um\gl\gl.h(1176): error C2182: 'APIENTRY': illegal use of type 'void'
c:\program files (x86)\windows kits\10\include\10.0.16299.0\um\gl\gl.h(1176): error C2086: 'int APIENTRY': redefinition
  c:\program files (x86)\windows kits\10\include\10.0.16299.0\um\gl\gl.h(1157): note: see declaration of 'APIENTRY'
c:\program files (x86)\windows kits\10\include\10.0.16299.0\um\gl\gl.h(1176): error C2146: syntax error: missing ';' before identifier 'glColor3d'
c:\program files (x86)\windows kits\10\include\10.0.16299.0\um\gl\gl.h(1177): error C2144: syntax error: 'void' should be preceded by ';'
c:\program files (x86)\windows kits\10\include\10.0.16299.0\um\gl\gl.h(1177): error C4430: missing type specifier - int assumed. Note: C++ does not support default-int
c:\program files (x86)\windows kits\10\include\10.0.16299.0\um\gl\gl.h(1177): error C2086: 'int WINGDIAPI': redefinition
  c:\program files (x86)\windows kits\10\include\10.0.16299.0\um\gl\gl.h(1157): note: see declaration of 'WINGDIAPI'
c:\program files (x86)\windows kits\10\include\10.0.16299.0\um\gl\gl.h(1177): error C2182: 'APIENTRY': illegal use of type 'void'
c:\program files (x86)\windows kits\10\include\10.0.16299.0\um\gl\gl.h(1177): error C2086: 'int APIENTRY': redefinition
  c:\program files (x86)\windows kits\10\include\10.0.16299.0\um\gl\gl.h(1157): note: see declaration of 'APIENTRY'
c:\program files (x86)\windows kits\10\include\10.0.16299.0\um\gl\gl.h(1177): error C2146: syntax error: missing ';' before identifier 'glColor3dv'
c:\program files (x86)\windows kits\10\include\10.0.16299.0\um\gl\gl.h(1178): error C2144: syntax error: 'void' should be preceded by ';'
c:\program files (x86)\windows kits\10\include\10.0.16299.0\um\gl\gl.h(1178): fatal error C1003: error count exceeds 100; stopping compilation
  glui.cpp
c:\users\kusuma\onedrive\desktop\visualizationassignments\assignment7\skeleton2017_new_zip\glui\include\gl\glui.h(850): warning C4244: 'argument': conversion from 'double' to 'GLfloat', possible loss of data
  glui_add_controls.cpp
c:\users\kusuma\onedrive\desktop\visualizationassignments\assignment7\skeleton2017_new_zip\glui\include\gl\glui.h(850): warning C4244: 'argument': conversion from 'double' to 'GLfloat', possible loss of data
  glui_bitmaps.cpp
c:\users\kusuma\onedrive\desktop\visualizationassignments\assignment7\skeleton2017_new_zip\glui\include\gl\glui.h(850): warning C4244: 'argument': conversion from 'double' to 'GLfloat', possible loss of data
c:\users\kusuma\onedrive\desktop\visualizationassignments\assignment7\skeleton2017_new_zip\glui\glui_bitmaps.cpp(114): warning C4267: 'return': conversion from 'size_t' to 'int', possible loss of data
c:\users\kusuma\onedrive\desktop\visualizationassignments\assignment7\skeleton2017_new_zip\glui\glui_bitmaps.cpp(120): warning C4267: 'return': conversion from 'size_t' to 'int', possible loss of data
c:\users\kusuma\onedrive\desktop\visualizationassignments\assignment7\skeleton2017_new_zip\glui\glui_bitmaps.cpp(132): warning C4267: 'argument': conversion from 'size_t' to 'GLsizei', possible loss of data
  glui_button.cpp
c:\users\kusuma\onedrive\desktop\visualizationassignments\assignment7\skeleton2017_new_zip\glui\include\gl\glui.h(850): warning C4244: 'argument': conversion from 'double' to 'GLfloat', possible loss of data
  glui_checkbox.cpp
c:\users\kusuma\onedrive\desktop\visualizationassignments\assignment7\skeleton2017_new_zip\glui\include\gl\glui.h(850): warning C4244: 'argument': conversion from 'double' to 'GLfloat', possible loss of data
  glui_column.cpp
c:\users\kusuma\onedrive\desktop\visualizationassignments\assignment7\skeleton2017_new_zip\glui\include\gl\glui.h(850): warning C4244: 'argument': conversion from 'double' to 'GLfloat', possible loss of data
  glui_commandline.cpp
c:\users\kusuma\onedrive\desktop\visualizationassignments\assignment7\skeleton2017_new_zip\glui\include\gl\glui.h(850): warning C4244: 'argument': conversion from 'double' to 'GLfloat', possible loss of data
  glui_control.cpp
c:\users\kusuma\onedrive\desktop\visualizationassignments\assignment7\skeleton2017_new_zip\glui\include\gl\glui.h(850): warning C4244: 'argument': conversion from 'double' to 'GLfloat', possible loss of data
c:\users\kusuma\onedrive\desktop\visualizationassignments\assignment7\skeleton2017_new_zip\glui\glui_control.cpp(963): warning C4996: 'strncpy': This function or variable may be unsafe. Consider using strncpy_s instead. To disable deprecation, use _CRT_SECURE_NO_WARNINGS. See online help for details.
  c:\program files (x86)\windows kits\10\include\10.0.16299.0\ucrt\string.h(337): note: see declaration of 'strncpy'
  glui_edittext.cpp
c:\users\kusuma\onedrive\desktop\visualizationassignments\assignment7\skeleton2017_new_zip\glui\include\gl\glui.h(850): warning C4244: 'argument': conversion from 'double' to 'GLfloat', possible loss of data
  glui_filebrowser.cpp
c:\users\kusuma\onedrive\desktop\visualizationassignments\assignment7\skeleton2017_new_zip\glui\include\gl\glui.h(850): warning C4244: 'argument': conversion from 'double' to 'GLfloat', possible loss of data
c:\users\kusuma\onedrive\desktop\visualizationassignments\assignment7\skeleton2017_new_zip\glui\glui_filebrowser.cpp(120): warning C4267: 'initializing': conversion from 'size_t' to 'int', possible loss of data
  glui_list.cpp
c:\users\kusuma\onedrive\desktop\visualizationassignments\assignment7\skeleton2017_new_zip\glui\include\gl\glui.h(850): warning C4244: 'argument': conversion from 'double' to 'GLfloat', possible loss of data
c:\users\kusuma\onedrive\desktop\visualizationassignments\assignment7\skeleton2017_new_zip\glui\glui_list.cpp(243): warning C4305: 'argument': truncation from 'double' to 'GLfloat'
  glui_listbox.cpp
c:\users\kusuma\onedrive\desktop\visualizationassignments\assignment7\skeleton2017_new_zip\glui\include\gl\glui.h(850): warning C4244: 'argument': conversion from 'double' to 'GLfloat', possible loss of data
c:\users\kusuma\onedrive\desktop\visualizationassignments\assignment7\skeleton2017_new_zip\glui\glui_listbox.cpp(132): warning C4305: 'argument': truncation from 'double' to 'float'
  glui_mouse_iaction.cpp
c:\users\kusuma\onedrive\desktop\visualizationassignments\assignment7\skeleton2017_new_zip\glui\include\gl\glui.h(850): warning C4244: 'argument': conversion from 'double' to 'GLfloat', possible loss of data
  glui_node.cpp
c:\users\kusuma\onedrive\desktop\visualizationassignments\assignment7\skeleton2017_new_zip\glui\include\gl\glui.h(850): warning C4244: 'argument': conversion from 'double' to 'GLfloat', possible loss of data
  glui_panel.cpp
c:\users\kusuma\onedrive\desktop\visualizationassignments\assignment7\skeleton2017_new_zip\glui\include\gl\glui.h(850): warning C4244: 'argument': conversion from 'double' to 'GLfloat', possible loss of data
  glui_radio.cpp
c:\users\kusuma\onedrive\desktop\visualizationassignments\assignment7\skeleton2017_new_zip\glui\include\gl\glui.h(850): warning C4244: 'argument': conversion from 'double' to 'GLfloat', possible loss of data
  glui_rollout.cpp
c:\users\kusuma\onedrive\desktop\visualizationassignments\assignment7\skeleton2017_new_zip\glui\include\gl\glui.h(850): warning C4244: 'argument': conversion from 'double' to 'GLfloat', possible loss of data
  glui_rotation.cpp
c:\users\kusuma\onedrive\desktop\visualizationassignments\assignment7\skeleton2017_new_zip\glui\include\gl\glui.h(850): warning C4244: 'argument': conversion from 'double' to 'GLfloat', possible loss of data
c:\users\kusuma\onedrive\desktop\visualizationassignments\assignment7\skeleton2017_new_zip\glui\glui_rotation.cpp(121): warning C4305: 'argument': truncation from 'double' to 'float'
  Generating Code...
  Compiling...
  glui_scrollbar.cpp
c:\users\kusuma\onedrive\desktop\visualizationassignments\assignment7\skeleton2017_new_zip\glui\include\gl\glui.h(850): warning C4244: 'argument': conversion from 'double' to 'GLfloat', possible loss of data
  glui_separator.cpp
c:\users\kusuma\onedrive\desktop\visualizationassignments\assignment7\skeleton2017_new_zip\glui\include\gl\glui.h(850): warning C4244: 'argument': conversion from 'double' to 'GLfloat', possible loss of data
  glui_spinner.cpp
c:\users\kusuma\onedrive\desktop\visualizationassignments\assignment7\skeleton2017_new_zip\glui\include\gl\glui.h(850): warning C4244: 'argument': conversion from 'double' to 'GLfloat', possible loss of data
  glui_statictext.cpp
c:\users\kusuma\onedrive\desktop\visualizationassignments\assignment7\skeleton2017_new_zip\glui\include\gl\glui.h(850): warning C4244: 'argument': conversion from 'double' to 'GLfloat', possible loss of data
  glui_textbox.cpp
c:\users\kusuma\onedrive\desktop\visualizationassignments\assignment7\skeleton2017_new_zip\glui\include\gl\glui.h(850): warning C4244: 'argument': conversion from 'double' to 'GLfloat', possible loss of data
c:\users\kusuma\onedrive\desktop\visualizationassignments\assignment7\skeleton2017_new_zip\glui\glui_textbox.cpp(351): warning C4267: '=': conversion from 'size_t' to 'int', possible loss of data
c:\users\kusuma\onedrive\desktop\visualizationassignments\assignment7\skeleton2017_new_zip\glui\glui_textbox.cpp(434): warning C4305: 'argument': truncation from 'double' to 'GLfloat'
c:\users\kusuma\onedrive\desktop\visualizationassignments\assignment7\skeleton2017_new_zip\glui\glui_textbox.cpp(445): warning C4267: '=': conversion from 'size_t' to 'int', possible loss of data
c:\users\kusuma\onedrive\desktop\visualizationassignments\assignment7\skeleton2017_new_zip\glui\glui_textbox.cpp(503): warning C4267: 'initializing': conversion from 'size_t' to 'int', possible loss of data
c:\users\kusuma\onedrive\desktop\visualizationassignments\assignment7\skeleton2017_new_zip\glui\glui_textbox.cpp(683): warning C4267: 'initializing': conversion from 'size_t' to 'int', possible loss of data
c:\users\kusuma\onedrive\desktop\visualizationassignments\assignment7\skeleton2017_new_zip\glui\glui_textbox.cpp(796): warning C4267: '=': conversion from 'size_t' to 'int', possible loss of data
c:\users\kusuma\onedrive\desktop\visualizationassignments\assignment7\skeleton2017_new_zip\glui\glui_textbox.cpp(954): warning C4267: '=': conversion from 'size_t' to 'int', possible loss of data
c:\users\kusuma\onedrive\desktop\visualizationassignments\assignment7\skeleton2017_new_zip\glui\glui_textbox.cpp(965): warning C4267: '=': conversion from 'size_t' to 'int', possible loss of data
c:\users\kusuma\onedrive\desktop\visualizationassignments\assignment7\skeleton2017_new_zip\glui\glui_textbox.cpp(967): warning C4267: '=': conversion from 'size_t' to 'int', possible loss of data
c:\users\kusuma\onedrive\desktop\visualizationassignments\assignment7\skeleton2017_new_zip\glui\glui_textbox.cpp(969): warning C4267: '=': conversion from 'size_t' to 'int', possible loss of data
c:\users\kusuma\onedrive\desktop\visualizationassignments\assignment7\skeleton2017_new_zip\glui\glui_textbox.cpp(991): warning C4267: 'initializing': conversion from 'size_t' to 'int', possible loss of data
c:\users\kusuma\onedrive\desktop\visualizationassignments\assignment7\skeleton2017_new_zip\glui\glui_textbox.cpp(1053): warning C4267: '=': conversion from 'size_t' to 'int', possible loss of data
  glui_translation.cpp
c:\users\kusuma\onedrive\desktop\visualizationassignments\assignment7\skeleton2017_new_zip\glui\include\gl\glui.h(850): warning C4244: 'argument': conversion from 'double' to 'GLfloat', possible loss of data
c:\users\kusuma\onedrive\desktop\visualizationassignments\assignment7\skeleton2017_new_zip\glui\glui_translation.cpp(364): warning C4305: 'initializing': truncation from 'double' to 'float'
c:\users\kusuma\onedrive\desktop\visualizationassignments\assignment7\skeleton2017_new_zip\glui\glui_translation.cpp(371): warning C4305: 'argument': truncation from 'double' to 'float'
c:\users\kusuma\onedrive\desktop\visualizationassignments\assignment7\skeleton2017_new_zip\glui\glui_translation.cpp(372): warning C4305: 'argument': truncation from 'double' to 'float'
c:\users\kusuma\onedrive\desktop\visualizationassignments\assignment7\skeleton2017_new_zip\glui\glui_translation.cpp(453): warning C4305: 'argument': truncation from 'double' to 'GLfloat'
  glui_tree.cpp
c:\users\kusuma\onedrive\desktop\visualizationassignments\assignment7\skeleton2017_new_zip\glui\include\gl\glui.h(850): warning C4244: 'argument': conversion from 'double' to 'GLfloat', possible loss of data
  glui_treepanel.cpp
c:\users\kusuma\onedrive\desktop\visualizationassignments\assignment7\skeleton2017_new_zip\glui\include\gl\glui.h(850): warning C4244: 'argument': conversion from 'double' to 'GLfloat', possible loss of data
c:\users\kusuma\onedrive\desktop\visualizationassignments\assignment7\skeleton2017_new_zip\glui\glui_treepanel.cpp(211): warning C4305: 'argument': truncation from 'double' to 'float'
c:\users\kusuma\onedrive\desktop\visualizationassignments\assignment7\skeleton2017_new_zip\glui\glui_treepanel.cpp(212): warning C4305: 'argument': truncation from 'double' to 'float'
c:\users\kusuma\onedrive\desktop\visualizationassignments\assignment7\skeleton2017_new_zip\glui\glui_treepanel.cpp(213): warning C4305: 'argument': truncation from 'double' to 'float'
c:\users\kusuma\onedrive\desktop\visualizationassignments\assignment7\skeleton2017_new_zip\glui\glui_treepanel.cpp(214): warning C4305: 'argument': truncation from 'double' to 'float'
c:\users\kusuma\onedrive\desktop\visualizationassignments\assignment7\skeleton2017_new_zip\glui\glui_treepanel.cpp(215): warning C4305: 'argument': truncation from 'double' to 'float'
c:\users\kusuma\onedrive\desktop\visualizationassignments\assignment7\skeleton2017_new_zip\glui\glui_treepanel.cpp(216): warning C4305: 'argument': truncation from 'double' to 'float'
c:\users\kusuma\onedrive\desktop\visualizationassignments\assignment7\skeleton2017_new_zip\glui\glui_treepanel.cpp(217): warning C4305: 'argument': truncation from 'double' to 'float'
  glui_window.cpp
c:\users\kusuma\onedrive\desktop\visualizationassignments\assignment7\skeleton2017_new_zip\glui\include\gl\glui.h(850): warning C4244: 'argument': conversion from 'double' to 'GLfloat', possible loss of data
  quaternion.cpp
c:\program files (x86)\windows kits\10\include\10.0.16299.0\um\gl\gl.h(1157): error C2144: syntax error: 'void' should be preceded by ';'
c:\program files (x86)\windows kits\10\include\10.0.16299.0\um\gl\gl.h(1157): error C4430: missing type specifier - int assumed. Note: C++ does not support default-int
c:\program files (x86)\windows kits\10\include\10.0.16299.0\um\gl\gl.h(1157): error C2182: 'APIENTRY': illegal use of type 'void'
c:\program files (x86)\windows kits\10\include\10.0.16299.0\um\gl\gl.h(1157): error C2146: syntax error: missing ';' before identifier 'glAccum'
c:\program files (x86)\windows kits\10\include\10.0.16299.0\um\gl\gl.h(1158): error C2144: syntax error: 'void' should be preceded by ';'
c:\program files (x86)\windows kits\10\include\10.0.16299.0\um\gl\gl.h(1158): error C4430: missing type specifier - int assumed. Note: C++ does not support default-int
c:\program files (x86)\windows kits\10\include\10.0.16299.0\um\gl\gl.h(1158): error C2086: 'int WINGDIAPI': redefinition
  c:\program files (x86)\windows kits\10\include\10.0.16299.0\um\gl\gl.h(1157): note: see declaration of 'WINGDIAPI'
c:\program files (x86)\windows kits\10\include\10.0.16299.0\um\gl\gl.h(1158): error C2182: 'APIENTRY': illegal use of type 'void'
c:\program files (x86)\windows kits\10\include\10.0.16299.0\um\gl\gl.h(1158): error C2086: 'int APIENTRY': redefinition
  c:\program files (x86)\windows kits\10\include\10.0.16299.0\um\gl\gl.h(1157): note: see declaration of 'APIENTRY'
c:\program files (x86)\windows kits\10\include\10.0.16299.0\um\gl\gl.h(1158): error C2146: syntax error: missing ';' before identifier 'glAlphaFunc'
c:\program files (x86)\windows kits\10\include\10.0.16299.0\um\gl\gl.h(1159): error C4430: missing type specifier - int assumed. Note: C++ does not support default-int
c:\program files (x86)\windows kits\10\include\10.0.16299.0\um\gl\gl.h(1159): error C2086: 'int WINGDIAPI': redefinition
  c:\program files (x86)\windows kits\10\include\10.0.16299.0\um\gl\gl.h(1157): note: see declaration of 'WINGDIAPI'
c:\program files (x86)\windows kits\10\include\10.0.16299.0\um\gl\gl.h(1159): error C2146: syntax error: missing ';' before identifier 'GLboolean'
c:\program files (x86)\windows kits\10\include\10.0.16299.0\um\gl\gl.h(1160): error C2144: syntax error: 'void' should be preceded by ';'
c:\program files (x86)\windows kits\10\include\10.0.16299.0\um\gl\gl.h(1160): error C4430: missing type specifier - int assumed. Note: C++ does not support default-int
c:\program files (x86)\windows kits\10\include\10.0.16299.0\um\gl\gl.h(1160): error C2086: 'int WINGDIAPI': redefinition
  c:\program files (x86)\windows kits\10\include\10.0.16299.0\um\gl\gl.h(1157): note: see declaration of 'WINGDIAPI'
c:\program files (x86)\windows kits\10\include\10.0.16299.0\um\gl\gl.h(1160): error C2182: 'APIENTRY': illegal use of type 'void'
c:\program files (x86)\windows kits\10\include\10.0.16299.0\um\gl\gl.h(1160): error C2086: 'int APIENTRY': redefinition
  c:\program files (x86)\windows kits\10\include\10.0.16299.0\um\gl\gl.h(1157): note: see declaration of 'APIENTRY'
c:\program files (x86)\windows kits\10\include\10.0.16299.0\um\gl\gl.h(1160): error C2146: syntax error: missing ';' before identifier 'glArrayElement'
c:\program files (x86)\windows kits\10\include\10.0.16299.0\um\gl\gl.h(1161): error C2144: syntax error: 'void' should be preceded by ';'
c:\program files (x86)\windows kits\10\include\10.0.16299.0\um\gl\gl.h(1161): error C4430: missing type specifier - int assumed. Note: C++ does not support default-int
c:\program files (x86)\windows kits\10\include\10.0.16299.0\um\gl\gl.h(1161): error C2086: 'int WINGDIAPI': redefinition
  c:\program files (x86)\windows kits\10\include\10.0.16299.0\um\gl\gl.h(1157): note: see declaration of 'WINGDIAPI'
c:\program files (x86)\windows kits\10\include\10.0.16299.0\um\gl\gl.h(1161): error C2182: 'APIENTRY': illegal use of type 'void'
c:\program files (x86)\windows kits\10\include\10.0.16299.0\um\gl\gl.h(1161): error C2086: 'int APIENTRY': redefinition
  c:\program files (x86)\windows kits\10\include\10.0.16299.0\um\gl\gl.h(1157): note: see declaration of 'APIENTRY'
c:\program files (x86)\windows kits\10\include\10.0.16299.0\um\gl\gl.h(1161): error C2146: syntax error: missing ';' before identifier 'glBegin'
c:\program files (x86)\windows kits\10\include\10.0.16299.0\um\gl\gl.h(1162): error C2144: syntax error: 'void' should be preceded by ';'
c:\program files (x86)\windows kits\10\include\10.0.16299.0\um\gl\gl.h(1162): error C4430: missing type specifier - int assumed. Note: C++ does not support default-int
c:\program files (x86)\windows kits\10\include\10.0.16299.0\um\gl\gl.h(1162): error C2086: 'int WINGDIAPI': redefinition
  c:\program files (x86)\windows kits\10\include\10.0.16299.0\um\gl\gl.h(1157): note: see declaration of 'WINGDIAPI'
c:\program files (x86)\windows kits\10\include\10.0.16299.0\um\gl\gl.h(1162): error C2182: 'APIENTRY': illegal use of type 'void'
c:\program files (x86)\windows kits\10\include\10.0.16299.0\um\gl\gl.h(1162): error C2086: 'int APIENTRY': redefinition
  c:\program files (x86)\windows kits\10\include\10.0.16299.0\um\gl\gl.h(1157): note: see declaration of 'APIENTRY'
c:\program files (x86)\windows kits\10\include\10.0.16299.0\um\gl\gl.h(1162): error C2146: syntax error: missing ';' before identifier 'glBindTexture'
c:\program files (x86)\windows kits\10\include\10.0.16299.0\um\gl\gl.h(1163): error C2144: syntax error: 'void' should be preceded by ';'
c:\program files (x86)\windows kits\10\include\10.0.16299.0\um\gl\gl.h(1163): error C4430: missing type specifier - int assumed. Note: C++ does not support default-int
c:\program files (x86)\windows kits\10\include\10.0.16299.0\um\gl\gl.h(1163): error C2086: 'int WINGDIAPI': redefinition
  c:\program files (x86)\windows kits\10\include\10.0.16299.0\um\gl\gl.h(1157): note: see declaration of 'WINGDIAPI'
c:\program files (x86)\windows kits\10\include\10.0.16299.0\um\gl\gl.h(1163): error C2182: 'APIENTRY': illegal use of type 'void'
c:\program files (x86)\windows kits\10\include\10.0.16299.0\um\gl\gl.h(1163): error C2086: 'int APIENTRY': redefinition
  c:\program files (x86)\windows kits\10\include\10.0.16299.0\um\gl\gl.h(1157): note: see declaration of 'APIENTRY'
c:\program files (x86)\windows kits\10\include\10.0.16299.0\um\gl\gl.h(1163): error C2146: syntax error: missing ';' before identifier 'glBitmap'
c:\program files (x86)\windows kits\10\include\10.0.16299.0\um\gl\gl.h(1164): error C2144: syntax error: 'void' should be preceded by ';'
c:\program files (x86)\windows kits\10\include\10.0.16299.0\um\gl\gl.h(1164): error C4430: missing type specifier - int assumed. Note: C++ does not support default-int
c:\program files (x86)\windows kits\10\include\10.0.16299.0\um\gl\gl.h(1164): error C2086: 'int WINGDIAPI': redefinition
  c:\program files (x86)\windows kits\10\include\10.0.16299.0\um\gl\gl.h(1157): note: see declaration of 'WINGDIAPI'
c:\program files (x86)\windows kits\10\include\10.0.16299.0\um\gl\gl.h(1164): error C2182: 'APIENTRY': illegal use of type 'void'
c:\program files (x86)\windows kits\10\include\10.0.16299.0\um\gl\gl.h(1164): error C2086: 'int APIENTRY': redefinition
  c:\program files (x86)\windows kits\10\include\10.0.16299.0\um\gl\gl.h(1157): note: see declaration of 'APIENTRY'
c:\program files (x86)\windows kits\10\include\10.0.16299.0\um\gl\gl.h(1164): error C2146: syntax error: missing ';' before identifier 'glBlendFunc'
c:\program files (x86)\windows kits\10\include\10.0.16299.0\um\gl\gl.h(1165): error C2144: syntax error: 'void' should be preceded by ';'
c:\program files (x86)\windows kits\10\include\10.0.16299.0\um\gl\gl.h(1165): error C4430: missing type specifier - int assumed. Note: C++ does not support default-int
c:\program files (x86)\windows kits\10\include\10.0.16299.0\um\gl\gl.h(1165): error C2086: 'int WINGDIAPI': redefinition
  c:\program files (x86)\windows kits\10\include\10.0.16299.0\um\gl\gl.h(1157): note: see declaration of 'WINGDIAPI'
c:\program files (x86)\windows kits\10\include\10.0.16299.0\um\gl\gl.h(1165): error C2182: 'APIENTRY': illegal use of type 'void'
c:\program files (x86)\windows kits\10\include\10.0.16299.0\um\gl\gl.h(1165): error C2086: 'int APIENTRY': redefinition
  c:\program files (x86)\windows kits\10\include\10.0.16299.0\um\gl\gl.h(1157): note: see declaration of 'APIENTRY'
c:\program files (x86)\windows kits\10\include\10.0.16299.0\um\gl\gl.h(1165): error C2146: syntax error: missing ';' before identifier 'glCallList'
c:\program files (x86)\windows kits\10\include\10.0.16299.0\um\gl\gl.h(1166): error C2144: syntax error: 'void' should be preceded by ';'
c:\program files (x86)\windows kits\10\include\10.0.16299.0\um\gl\gl.h(1166): error C4430: missing type specifier - int assumed. Note: C++ does not support default-int
c:\program files (x86)\windows kits\10\include\10.0.16299.0\um\gl\gl.h(1166): error C2086: 'int WINGDIAPI': redefinition
  c:\program files (x86)\windows kits\10\include\10.0.16299.0\um\gl\gl.h(1157): note: see declaration of 'WINGDIAPI'
c:\program files (x86)\windows kits\10\include\10.0.16299.0\um\gl\gl.h(1166): error C2182: 'APIENTRY': illegal use of type 'void'
c:\program files (x86)\windows kits\10\include\10.0.16299.0\um\gl\gl.h(1166): error C2086: 'int APIENTRY': redefinition
  c:\program files (x86)\windows kits\10\include\10.0.16299.0\um\gl\gl.h(1157): note: see declaration of 'APIENTRY'
c:\program files (x86)\windows kits\10\include\10.0.16299.0\um\gl\gl.h(1166): error C2146: syntax error: missing ';' before identifier 'glCallLists'
c:\program files (x86)\windows kits\10\include\10.0.16299.0\um\gl\gl.h(1167): error C2144: syntax error: 'void' should be preceded by ';'
c:\program files (x86)\windows kits\10\include\10.0.16299.0\um\gl\gl.h(1167): error C4430: missing type specifier - int assumed. Note: C++ does not support default-int
c:\program files (x86)\windows kits\10\include\10.0.16299.0\um\gl\gl.h(1167): error C2086: 'int WINGDIAPI': redefinition
  c:\program files (x86)\windows kits\10\include\10.0.16299.0\um\gl\gl.h(1157): note: see declaration of 'WINGDIAPI'
c:\program files (x86)\windows kits\10\include\10.0.16299.0\um\gl\gl.h(1167): error C2182: 'APIENTRY': illegal use of type 'void'
c:\program files (x86)\windows kits\10\include\10.0.16299.0\um\gl\gl.h(1167): error C2086: 'int APIENTRY': redefinition
  c:\program files (x86)\windows kits\10\include\10.0.16299.0\um\gl\gl.h(1157): note: see declaration of 'APIENTRY'
c:\program files (x86)\windows kits\10\include\10.0.16299.0\um\gl\gl.h(1167): error C2146: syntax error: missing ';' before identifier 'glClear'
c:\program files (x86)\windows kits\10\include\10.0.16299.0\um\gl\gl.h(1168): error C2144: syntax error: 'void' should be preceded by ';'
c:\program files (x86)\windows kits\10\include\10.0.16299.0\um\gl\gl.h(1168): error C4430: missing type specifier - int assumed. Note: C++ does not support default-int
c:\program files (x86)\windows kits\10\include\10.0.16299.0\um\gl\gl.h(1168): error C2086: 'int WINGDIAPI': redefinition
  c:\program files (x86)\windows kits\10\include\10.0.16299.0\um\gl\gl.h(1157): note: see declaration of 'WINGDIAPI'
c:\program files (x86)\windows kits\10\include\10.0.16299.0\um\gl\gl.h(1168): error C2182: 'APIENTRY': illegal use of type 'void'
c:\program files (x86)\windows kits\10\include\10.0.16299.0\um\gl\gl.h(1168): error C2086: 'int APIENTRY': redefinition
  c:\program files (x86)\windows kits\10\include\10.0.16299.0\um\gl\gl.h(1157): note: see declaration of 'APIENTRY'
c:\program files (x86)\windows kits\10\include\10.0.16299.0\um\gl\gl.h(1168): error C2146: syntax error: missing ';' before identifier 'glClearAccum'
c:\program files (x86)\windows kits\10\include\10.0.16299.0\um\gl\gl.h(1169): error C2144: syntax error: 'void' should be preceded by ';'
c:\program files (x86)\windows kits\10\include\10.0.16299.0\um\gl\gl.h(1169): error C4430: missing type specifier - int assumed. Note: C++ does not support default-int
c:\program files (x86)\windows kits\10\include\10.0.16299.0\um\gl\gl.h(1169): error C2086: 'int WINGDIAPI': redefinition
  c:\program files (x86)\windows kits\10\include\10.0.16299.0\um\gl\gl.h(1157): note: see declaration of 'WINGDIAPI'
c:\program files (x86)\windows kits\10\include\10.0.16299.0\um\gl\gl.h(1169): error C2182: 'APIENTRY': illegal use of type 'void'
c:\program files (x86)\windows kits\10\include\10.0.16299.0\um\gl\gl.h(1169): error C2086: 'int APIENTRY': redefinition
  c:\program files (x86)\windows kits\10\include\10.0.16299.0\um\gl\gl.h(1157): note: see declaration of 'APIENTRY'
c:\program files (x86)\windows kits\10\include\10.0.16299.0\um\gl\gl.h(1169): error C2146: syntax error: missing ';' before identifier 'glClearColor'
c:\program files (x86)\windows kits\10\include\10.0.16299.0\um\gl\gl.h(1170): error C2144: syntax error: 'void' should be preceded by ';'
c:\program files (x86)\windows kits\10\include\10.0.16299.0\um\gl\gl.h(1170): error C4430: missing type specifier - int assumed. Note: C++ does not support default-int
c:\program files (x86)\windows kits\10\include\10.0.16299.0\um\gl\gl.h(1170): error C2086: 'int WINGDIAPI': redefinition
  c:\program files (x86)\windows kits\10\include\10.0.16299.0\um\gl\gl.h(1157): note: see declaration of 'WINGDIAPI'
c:\program files (x86)\windows kits\10\include\10.0.16299.0\um\gl\gl.h(1170): error C2182: 'APIENTRY': illegal use of type 'void'
c:\program files (x86)\windows kits\10\include\10.0.16299.0\um\gl\gl.h(1170): error C2086: 'int APIENTRY': redefinition
  c:\program files (x86)\windows kits\10\include\10.0.16299.0\um\gl\gl.h(1157): note: see declaration of 'APIENTRY'
c:\program files (x86)\windows kits\10\include\10.0.16299.0\um\gl\gl.h(1170): error C2146: syntax error: missing ';' before identifier 'glClearDepth'
c:\program files (x86)\windows kits\10\include\10.0.16299.0\um\gl\gl.h(1171): error C2144: syntax error: 'void' should be preceded by ';'
c:\program files (x86)\windows kits\10\include\10.0.16299.0\um\gl\gl.h(1171): error C4430: missing type specifier - int assumed. Note: C++ does not support default-int
c:\program files (x86)\windows kits\10\include\10.0.16299.0\um\gl\gl.h(1171): error C2086: 'int WINGDIAPI': redefinition
  c:\program files (x86)\windows kits\10\include\10.0.16299.0\um\gl\gl.h(1157): note: see declaration of 'WINGDIAPI'
c:\program files (x86)\windows kits\10\include\10.0.16299.0\um\gl\gl.h(1171): error C2182: 'APIENTRY': illegal use of type 'void'
c:\program files (x86)\windows kits\10\include\10.0.16299.0\um\gl\gl.h(1171): error C2086: 'int APIENTRY': redefinition
  c:\program files (x86)\windows kits\10\include\10.0.16299.0\um\gl\gl.h(1157): note: see declaration of 'APIENTRY'
c:\program files (x86)\windows kits\10\include\10.0.16299.0\um\gl\gl.h(1171): error C2146: syntax error: missing ';' before identifier 'glClearIndex'
c:\program files (x86)\windows kits\10\include\10.0.16299.0\um\gl\gl.h(1172): error C2144: syntax error: 'void' should be preceded by ';'
c:\program files (x86)\windows kits\10\include\10.0.16299.0\um\gl\gl.h(1172): error C4430: missing type specifier - int assumed. Note: C++ does not support default-int
c:\program files (x86)\windows kits\10\include\10.0.16299.0\um\gl\gl.h(1172): error C2086: 'int WINGDIAPI': redefinition
  c:\program files (x86)\windows kits\10\include\10.0.16299.0\um\gl\gl.h(1157): note: see declaration of 'WINGDIAPI'
c:\program files (x86)\windows kits\10\include\10.0.16299.0\um\gl\gl.h(1172): error C2182: 'APIENTRY': illegal use of type 'void'
c:\program files (x86)\windows kits\10\include\10.0.16299.0\um\gl\gl.h(1172): error C2086: 'int APIENTRY': redefinition
  c:\program files (x86)\windows kits\10\include\10.0.16299.0\um\gl\gl.h(1157): note: see declaration of 'APIENTRY'
c:\program files (x86)\windows kits\10\include\10.0.16299.0\um\gl\gl.h(1172): error C2146: syntax error: missing ';' before identifier 'glClearStencil'
c:\program files (x86)\windows kits\10\include\10.0.16299.0\um\gl\gl.h(1173): error C2144: syntax error: 'void' should be preceded by ';'
c:\program files (x86)\windows kits\10\include\10.0.16299.0\um\gl\gl.h(1173): error C4430: missing type specifier - int assumed. Note: C++ does not support default-int
c:\program files (x86)\windows kits\10\include\10.0.16299.0\um\gl\gl.h(1173): error C2086: 'int WINGDIAPI': redefinition
  c:\program files (x86)\windows kits\10\include\10.0.16299.0\um\gl\gl.h(1157): note: see declaration of 'WINGDIAPI'
c:\program files (x86)\windows kits\10\include\10.0.16299.0\um\gl\gl.h(1173): error C2182: 'APIENTRY': illegal use of type 'void'
c:\program files (x86)\windows kits\10\include\10.0.16299.0\um\gl\gl.h(1173): error C2086: 'int APIENTRY': redefinition
  c:\program files (x86)\windows kits\10\include\10.0.16299.0\um\gl\gl.h(1157): note: see declaration of 'APIENTRY'
c:\program files (x86)\windows kits\10\include\10.0.16299.0\um\gl\gl.h(1173): error C2146: syntax error: missing ';' before identifier 'glClipPlane'
c:\program files (x86)\windows kits\10\include\10.0.16299.0\um\gl\gl.h(1174): error C2144: syntax error: 'void' should be preceded by ';'
c:\program files (x86)\windows kits\10\include\10.0.16299.0\um\gl\gl.h(1174): error C4430: missing type specifier - int assumed. Note: C++ does not support default-int
c:\program files (x86)\windows kits\10\include\10.0.16299.0\um\gl\gl.h(1174): error C2086: 'int WINGDIAPI': redefinition
  c:\program files (x86)\windows kits\10\include\10.0.16299.0\um\gl\gl.h(1157): note: see declaration of 'WINGDIAPI'
c:\program files (x86)\windows kits\10\include\10.0.16299.0\um\gl\gl.h(1174): error C2182: 'APIENTRY': illegal use of type 'void'
c:\program files (x86)\windows kits\10\include\10.0.16299.0\um\gl\gl.h(1174): error C2086: 'int APIENTRY': redefinition
  c:\program files (x86)\windows kits\10\include\10.0.16299.0\um\gl\gl.h(1157): note: see declaration of 'APIENTRY'
c:\program files (x86)\windows kits\10\include\10.0.16299.0\um\gl\gl.h(1174): error C2146: syntax error: missing ';' before identifier 'glColor3b'
c:\program files (x86)\windows kits\10\include\10.0.16299.0\um\gl\gl.h(1175): error C2144: syntax error: 'void' should be preceded by ';'
c:\program files (x86)\windows kits\10\include\10.0.16299.0\um\gl\gl.h(1175): error C4430: missing type specifier - int assumed. Note: C++ does not support default-int
c:\program files (x86)\windows kits\10\include\10.0.16299.0\um\gl\gl.h(1175): error C2086: 'int WINGDIAPI': redefinition
  c:\program files (x86)\windows kits\10\include\10.0.16299.0\um\gl\gl.h(1157): note: see declaration of 'WINGDIAPI'
c:\program files (x86)\windows kits\10\include\10.0.16299.0\um\gl\gl.h(1175): error C2182: 'APIENTRY': illegal use of type 'void'
c:\program files (x86)\windows kits\10\include\10.0.16299.0\um\gl\gl.h(1175): error C2086: 'int APIENTRY': redefinition
  c:\program files (x86)\windows kits\10\include\10.0.16299.0\um\gl\gl.h(1157): note: see declaration of 'APIENTRY'
c:\program files (x86)\windows kits\10\include\10.0.16299.0\um\gl\gl.h(1175): error C2146: syntax error: missing ';' before identifier 'glColor3bv'
c:\program files (x86)\windows kits\10\include\10.0.16299.0\um\gl\gl.h(1176): error C2144: syntax error: 'void' should be preceded by ';'
c:\program files (x86)\windows kits\10\include\10.0.16299.0\um\gl\gl.h(1176): error C4430: missing type specifier - int assumed. Note: C++ does not support default-int
c:\program files (x86)\windows kits\10\include\10.0.16299.0\um\gl\gl.h(1176): error C2086: 'int WINGDIAPI': redefinition
  c:\program files (x86)\windows kits\10\include\10.0.16299.0\um\gl\gl.h(1157): note: see declaration of 'WINGDIAPI'
c:\program files (x86)\windows kits\10\include\10.0.16299.0\um\gl\gl.h(1176): error C2182: 'APIENTRY': illegal use of type 'void'
c:\program files (x86)\windows kits\10\include\10.0.16299.0\um\gl\gl.h(1176): error C2086: 'int APIENTRY': redefinition
  c:\program files (x86)\windows kits\10\include\10.0.16299.0\um\gl\gl.h(1157): note: see declaration of 'APIENTRY'
c:\program files (x86)\windows kits\10\include\10.0.16299.0\um\gl\gl.h(1176): error C2146: syntax error: missing ';' before identifier 'glColor3d'
c:\program files (x86)\windows kits\10\include\10.0.16299.0\um\gl\gl.h(1177): error C2144: syntax error: 'void' should be preceded by ';'
c:\program files (x86)\windows kits\10\include\10.0.16299.0\um\gl\gl.h(1177): error C4430: missing type specifier - int assumed. Note: C++ does not support default-int
c:\program files (x86)\windows kits\10\include\10.0.16299.0\um\gl\gl.h(1177): error C2086: 'int WINGDIAPI': redefinition
  c:\program files (x86)\windows kits\10\include\10.0.16299.0\um\gl\gl.h(1157): note: see declaration of 'WINGDIAPI'
c:\program files (x86)\windows kits\10\include\10.0.16299.0\um\gl\gl.h(1177): error C2182: 'APIENTRY': illegal use of type 'void'
c:\program files (x86)\windows kits\10\include\10.0.16299.0\um\gl\gl.h(1177): error C2086: 'int APIENTRY': redefinition
  c:\program files (x86)\windows kits\10\include\10.0.16299.0\um\gl\gl.h(1157): note: see declaration of 'APIENTRY'
c:\program files (x86)\windows kits\10\include\10.0.16299.0\um\gl\gl.h(1177): error C2146: syntax error: missing ';' before identifier 'glColor3dv'
c:\program files (x86)\windows kits\10\include\10.0.16299.0\um\gl\gl.h(1178): error C2144: syntax error: 'void' should be preceded by ';'
c:\program files (x86)\windows kits\10\include\10.0.16299.0\um\gl\gl.h(1178): fatal error C1003: error count exceeds 100; stopping compilation
  viewmodel.cpp
c:\users\kusuma\onedrive\desktop\visualizationassignments\assignment7\skeleton2017_new_zip\glui\include\gl\glui.h(850): warning C4244: 'argument': conversion from 'double' to 'GLfloat', possible loss of data
  Generating Code...
